<?xml version="1.0" encoding="UTF-8"?>
<!-- Generated by org.testng.reporters.JUnitReportReporter -->
<testsuite skipped="0" hostname="Shravan-PC" name="com.pages.WebTest" tests="10" failures="0" timestamp="2020-04-12T09:59:05 IST" time="0.082" errors="0">
  <testcase name="testServer" time="0.009" classname="com.pages.WebTest"/>
  <system-out/>
  <testcase name="testServer" time="0.002" classname="com.pages.WebTest"/>
  <system-out/>
  <testcase name="testServer" time="0.007" classname="com.pages.WebTest"/>
  <system-out/>
  <testcase name="testServer" time="0.008" classname="com.pages.WebTest"/>
  <system-out/>
  <testcase name="testServer" time="0.009" classname="com.pages.WebTest"/>
  <system-out/>
  <testcase name="testServer" time="0.014" classname="com.pages.WebTest"/>
  <system-out/>
  <testcase name="testServer" time="0.021" classname="com.pages.WebTest"/>
  <system-out/>
  <testcase name="testServer" time="0.004" classname="com.pages.WebTest"/>
  <system-out/>
  <testcase name="testServer" time="0.006" classname="com.pages.WebTest"/>
  <system-out/>
  <testcase name="testServer" time="0.002" classname="com.pages.WebTest"/>
  <system-out/>
</testsuite> <!-- com.pages.WebTest -->
